<?xml version="1.0" encoding="UTF-8"?>
<testng-results skipped="0" failed="1" ignored="0" total="3" passed="2">
  <reporter-output>
  </reporter-output>
  <suite name="Default suite" duration-ms="35884" started-at="2021-02-01T09:23:54 IST" finished-at="2021-02-01T09:24:29 IST">
    <groups>
    </groups>
    <test name="Default test" duration-ms="35884" started-at="2021-02-01T09:23:54 IST" finished-at="2021-02-01T09:24:29 IST">
      <class name="com.test.test1.appium.test1">
        <test-method status="PASS" signature="bs()[pri:0, instance:com.test.test1.appium.test1@646d64ab]" name="bs" is-config="true" duration-ms="20382" started-at="2021-02-01T09:23:33 IST" finished-at="2021-02-01T09:23:54 IST">
          <reporter-output>
          </reporter-output>
        </test-method> <!-- bs -->
        <test-method status="PASS" signature="testing()[pri:0, instance:com.test.test1.appium.test1@646d64ab]" name="testing" duration-ms="3" started-at="2021-02-01T09:23:54 IST" finished-at="2021-02-01T09:23:54 IST">
          <reporter-output>
          </reporter-output>
        </test-method> <!-- testing -->
        <test-method status="FAIL" signature="tes()[pri:0, instance:com.test.test1.appium.test1@646d64ab]" name="tes" duration-ms="18812" started-at="2021-02-01T09:23:54 IST" finished-at="2021-02-01T09:24:12 IST">
          <exception class="org.openqa.selenium.NoSuchElementException">
            <message>
              <![CDATA[no such element: Unable to locate element: {"method":"name","selector":"q"}
  (Session info: chrome=70.0.3538.110)
  (Driver info: chromedriver=2.45.615291 (ec3682e3c9061c10f26ea9e5cdcf3c53f3f74387),platform=Windows NT 10.0.18363 x86_64)
For documentation on this error, please visit: http://seleniumhq.org/exceptions/no_such_element.html
Build info: version: '3.141.5', revision: 'd54ebd709a', time: '2018-11-06T11:42:16'
System info: host: 'LAPTOP-4A09D7UF', ip: '192.168.225.30', os.name: 'Windows 10', os.arch: 'amd64', os.version: '10.0', java.version: '1.8.0_241'
Driver info: io.appium.java_client.AppiumDriver
Capabilities {appActivity: com.google.android.apps.chr..., appPackage: com.android.chrome, browserName: Chrome, databaseEnabled: false, desired: {browserName: Chrome, deviceName: Lenovo K8 Plus, newCommandTimeout: 10, platformName: android, platformVersion: 8.0.0, udid: HGAE6Q83}, deviceApiLevel: 26, deviceManufacturer: LENOVO, deviceModel: Lenovo K8 Plus, deviceName: HGAE6Q83, deviceScreenDensity: 540, deviceScreenSize: 1080x1920, deviceUDID: HGAE6Q83, javascriptEnabled: true, locationContextEnabled: false, networkConnectionEnabled: true, newCommandTimeout: 10, pixelRatio: 3.375, platform: LINUX, platformName: Android, platformVersion: 8.0.0, statBarHeight: 81, takesScreenshot: true, udid: HGAE6Q83, viewportRect: {height: 1839, left: 0, top: 81, width: 1080}, warnings: {}, webStorageEnabled: false}
Session ID: 8ed5426c-add4-45fd-b4f5-d70a15c9c2a1
*** Element info: {Using=name, value=q}]]>
            </message>
            <full-stacktrace>
              <![CDATA[org.openqa.selenium.NoSuchElementException: no such element: Unable to locate element: {"method":"name","selector":"q"}
  (Session info: chrome=70.0.3538.110)
  (Driver info: chromedriver=2.45.615291 (ec3682e3c9061c10f26ea9e5cdcf3c53f3f74387),platform=Windows NT 10.0.18363 x86_64)
For documentation on this error, please visit: http://seleniumhq.org/exceptions/no_such_element.html
Build info: version: '3.141.5', revision: 'd54ebd709a', time: '2018-11-06T11:42:16'
System info: host: 'LAPTOP-4A09D7UF', ip: '192.168.225.30', os.name: 'Windows 10', os.arch: 'amd64', os.version: '10.0', java.version: '1.8.0_241'
Driver info: io.appium.java_client.AppiumDriver
Capabilities {appActivity: com.google.android.apps.chr..., appPackage: com.android.chrome, browserName: Chrome, databaseEnabled: false, desired: {browserName: Chrome, deviceName: Lenovo K8 Plus, newCommandTimeout: 10, platformName: android, platformVersion: 8.0.0, udid: HGAE6Q83}, deviceApiLevel: 26, deviceManufacturer: LENOVO, deviceModel: Lenovo K8 Plus, deviceName: HGAE6Q83, deviceScreenDensity: 540, deviceScreenSize: 1080x1920, deviceUDID: HGAE6Q83, javascriptEnabled: true, locationContextEnabled: false, networkConnectionEnabled: true, newCommandTimeout: 10, pixelRatio: 3.375, platform: LINUX, platformName: Android, platformVersion: 8.0.0, statBarHeight: 81, takesScreenshot: true, udid: HGAE6Q83, viewportRect: {height: 1839, left: 0, top: 81, width: 1080}, warnings: {}, webStorageEnabled: false}
Session ID: 8ed5426c-add4-45fd-b4f5-d70a15c9c2a1
*** Element info: {Using=name, value=q}
at sun.reflect.NativeConstructorAccessorImpl.newInstance0(Native Method)
at sun.reflect.NativeConstructorAccessorImpl.newInstance(Unknown Source)
at sun.reflect.DelegatingConstructorAccessorImpl.newInstance(Unknown Source)
at java.lang.reflect.Constructor.newInstance(Unknown Source)
at org.openqa.selenium.remote.http.W3CHttpResponseCodec.createException(W3CHttpResponseCodec.java:187)
at org.openqa.selenium.remote.http.W3CHttpResponseCodec.decode(W3CHttpResponseCodec.java:122)
at org.openqa.selenium.remote.http.W3CHttpResponseCodec.decode(W3CHttpResponseCodec.java:49)
at org.openqa.selenium.remote.HttpCommandExecutor.execute(HttpCommandExecutor.java:158)
at io.appium.java_client.remote.AppiumCommandExecutor.execute(AppiumCommandExecutor.java:239)
at org.openqa.selenium.remote.RemoteWebDriver.execute(RemoteWebDriver.java:552)
at io.appium.java_client.DefaultGenericMobileDriver.execute(DefaultGenericMobileDriver.java:41)
at io.appium.java_client.AppiumDriver.execute(AppiumDriver.java:1)
at org.openqa.selenium.remote.RemoteWebDriver.findElement(RemoteWebDriver.java:323)
at io.appium.java_client.DefaultGenericMobileDriver.findElement(DefaultGenericMobileDriver.java:61)
at io.appium.java_client.AppiumDriver.findElement(AppiumDriver.java:1)
at org.openqa.selenium.remote.RemoteWebDriver.findElementByName(RemoteWebDriver.java:404)
at io.appium.java_client.DefaultGenericMobileDriver.findElementByName(DefaultGenericMobileDriver.java:117)
at io.appium.java_client.AppiumDriver.findElementByName(AppiumDriver.java:1)
at org.openqa.selenium.By$ByName.findElement(By.java:284)
at org.openqa.selenium.remote.RemoteWebDriver.findElement(RemoteWebDriver.java:315)
at io.appium.java_client.DefaultGenericMobileDriver.findElement(DefaultGenericMobileDriver.java:57)
at io.appium.java_client.AppiumDriver.findElement(AppiumDriver.java:1)
at com.test.test1.appium.test1.tes(test1.java:13)
at sun.reflect.NativeMethodAccessorImpl.invoke0(Native Method)
at sun.reflect.NativeMethodAccessorImpl.invoke(Unknown Source)
at sun.reflect.DelegatingMethodAccessorImpl.invoke(Unknown Source)
at java.lang.reflect.Method.invoke(Unknown Source)
at org.testng.internal.MethodInvocationHelper.invokeMethod(MethodInvocationHelper.java:134)
at org.testng.internal.TestInvoker.invokeMethod(TestInvoker.java:597)
at org.testng.internal.TestInvoker.invokeTestMethod(TestInvoker.java:173)
at org.testng.internal.MethodRunner.runInSequence(MethodRunner.java:46)
at org.testng.internal.TestInvoker$MethodInvocationAgent.invoke(TestInvoker.java:816)
at org.testng.internal.TestInvoker.invokeTestMethods(TestInvoker.java:146)
at org.testng.internal.TestMethodWorker.invokeTestMethods(TestMethodWorker.java:146)
at org.testng.internal.TestMethodWorker.run(TestMethodWorker.java:128)
at java.util.ArrayList.forEach(Unknown Source)
at org.testng.TestRunner.privateRun(TestRunner.java:766)
at org.testng.TestRunner.run(TestRunner.java:587)
at org.testng.SuiteRunner.runTest(SuiteRunner.java:384)
at org.testng.SuiteRunner.runSequentially(SuiteRunner.java:378)
at org.testng.SuiteRunner.privateRun(SuiteRunner.java:337)
at org.testng.SuiteRunner.run(SuiteRunner.java:286)
at org.testng.SuiteRunnerWorker.runSuite(SuiteRunnerWorker.java:53)
at org.testng.SuiteRunnerWorker.run(SuiteRunnerWorker.java:96)
at org.testng.TestNG.runSuitesSequentially(TestNG.java:1187)
at org.testng.TestNG.runSuitesLocally(TestNG.java:1109)
at org.testng.TestNG.runSuites(TestNG.java:1039)
at org.testng.TestNG.run(TestNG.java:1007)
at org.testng.remote.AbstractRemoteTestNG.run(AbstractRemoteTestNG.java:115)
at org.testng.remote.RemoteTestNG.initAndRun(RemoteTestNG.java:251)
at org.testng.remote.RemoteTestNG.main(RemoteTestNG.java:77)
]]>
            </full-stacktrace>
          </exception> <!-- org.openqa.selenium.NoSuchElementException -->
          <reporter-output>
          </reporter-output>
        </test-method> <!-- tes -->
        <test-method status="PASS" signature="testLog()[pri:0, instance:com.test.test1.appium.test1@646d64ab]" name="testLog" duration-ms="17048" started-at="2021-02-01T09:24:12 IST" finished-at="2021-02-01T09:24:29 IST">
          <reporter-output>
          </reporter-output>
        </test-method> <!-- testLog -->
        <test-method status="PASS" signature="as()[pri:0, instance:com.test.test1.appium.test1@646d64ab]" name="as" is-config="true" duration-ms="0" started-at="2021-02-01T09:24:29 IST" finished-at="2021-02-01T09:24:29 IST">
          <reporter-output>
          </reporter-output>
        </test-method> <!-- as -->
      </class> <!-- com.test.test1.appium.test1 -->
    </test> <!-- Default test -->
  </suite> <!-- Default suite -->
</testng-results>
